<?xml version="1.0" encoding="UTF-8"?>
<testsuite xmlns:xsi="http://www.w3.org/2001/XMLSchema-instance" xsi:noNamespaceSchemaLocation="https://maven.apache.org/surefire/maven-surefire-plugin/xsd/surefire-test-report.xsd" name="com.example.zhaoshichuan.ZhaoshichuanApplicationTests" time="4.87" tests="9" errors="0" skipped="0" failures="0">
  <properties>
    <property name="sun.desktop" value="windows"/>
    <property name="awt.toolkit" value="sun.awt.windows.WToolkit"/>
    <property name="file.encoding.pkg" value="sun.io"/>
    <property name="java.specification.version" value="1.8"/>
    <property name="sun.cpu.isalist" value="amd64"/>
    <property name="sun.jnu.encoding" value="GBK"/>
    <property name="java.class.path" value="C:\Users\Zhaoshichuan\Desktop\zhaoshichuan\target\test-classes;C:\Users\Zhaoshichuan\Desktop\zhaoshichuan\target\classes;D:\maven\maven-repository\org\springframework\boot\spring-boot-starter-web\2.7.17\spring-boot-starter-web-2.7.17.jar;D:\maven\maven-repository\org\springframework\boot\spring-boot-starter\2.7.17\spring-boot-starter-2.7.17.jar;D:\maven\maven-repository\org\springframework\boot\spring-boot\2.7.17\spring-boot-2.7.17.jar;D:\maven\maven-repository\org\springframework\boot\spring-boot-autoconfigure\2.7.17\spring-boot-autoconfigure-2.7.17.jar;D:\maven\maven-repository\org\springframework\boot\spring-boot-starter-logging\2.7.17\spring-boot-starter-logging-2.7.17.jar;D:\maven\maven-repository\ch\qos\logback\logback-classic\1.2.12\logback-classic-1.2.12.jar;D:\maven\maven-repository\ch\qos\logback\logback-core\1.2.12\logback-core-1.2.12.jar;D:\maven\maven-repository\org\apache\logging\log4j\log4j-to-slf4j\2.17.2\log4j-to-slf4j-2.17.2.jar;D:\maven\maven-repository\org\apache\logging\log4j\log4j-api\2.17.2\log4j-api-2.17.2.jar;D:\maven\maven-repository\org\slf4j\jul-to-slf4j\1.7.36\jul-to-slf4j-1.7.36.jar;D:\maven\maven-repository\jakarta\annotation\jakarta.annotation-api\1.3.5\jakarta.annotation-api-1.3.5.jar;D:\maven\maven-repository\org\yaml\snakeyaml\1.30\snakeyaml-1.30.jar;D:\maven\maven-repository\org\springframework\boot\spring-boot-starter-json\2.7.17\spring-boot-starter-json-2.7.17.jar;D:\maven\maven-repository\com\fasterxml\jackson\datatype\jackson-datatype-jdk8\2.13.5\jackson-datatype-jdk8-2.13.5.jar;D:\maven\maven-repository\com\fasterxml\jackson\datatype\jackson-datatype-jsr310\2.13.5\jackson-datatype-jsr310-2.13.5.jar;D:\maven\maven-repository\com\fasterxml\jackson\module\jackson-module-parameter-names\2.13.5\jackson-module-parameter-names-2.13.5.jar;D:\maven\maven-repository\org\springframework\boot\spring-boot-starter-tomcat\2.7.17\spring-boot-starter-tomcat-2.7.17.jar;D:\maven\maven-repository\org\apache\tomcat\embed\tomcat-embed-core\9.0.82\tomcat-embed-core-9.0.82.jar;D:\maven\maven-repository\org\apache\tomcat\embed\tomcat-embed-el\9.0.82\tomcat-embed-el-9.0.82.jar;D:\maven\maven-repository\org\apache\tomcat\embed\tomcat-embed-websocket\9.0.82\tomcat-embed-websocket-9.0.82.jar;D:\maven\maven-repository\org\springframework\spring-web\5.3.30\spring-web-5.3.30.jar;D:\maven\maven-repository\org\springframework\spring-beans\5.3.30\spring-beans-5.3.30.jar;D:\maven\maven-repository\org\springframework\spring-webmvc\5.3.30\spring-webmvc-5.3.30.jar;D:\maven\maven-repository\org\springframework\spring-context\5.3.30\spring-context-5.3.30.jar;D:\maven\maven-repository\org\springframework\spring-expression\5.3.30\spring-expression-5.3.30.jar;D:\maven\maven-repository\org\mybatis\spring\boot\mybatis-spring-boot-starter\2.3.1\mybatis-spring-boot-starter-2.3.1.jar;D:\maven\maven-repository\org\springframework\boot\spring-boot-starter-jdbc\2.7.17\spring-boot-starter-jdbc-2.7.17.jar;D:\maven\maven-repository\com\zaxxer\HikariCP\4.0.3\HikariCP-4.0.3.jar;D:\maven\maven-repository\org\springframework\spring-jdbc\5.3.30\spring-jdbc-5.3.30.jar;D:\maven\maven-repository\org\mybatis\spring\boot\mybatis-spring-boot-autoconfigure\2.3.1\mybatis-spring-boot-autoconfigure-2.3.1.jar;D:\maven\maven-repository\org\mybatis\mybatis\3.5.13\mybatis-3.5.13.jar;D:\maven\maven-repository\org\mybatis\mybatis-spring\2.1.1\mybatis-spring-2.1.1.jar;D:\maven\maven-repository\com\mysql\mysql-connector-j\8.0.33\mysql-connector-j-8.0.33.jar;D:\maven\maven-repository\org\projectlombok\lombok\1.18.30\lombok-1.18.30.jar;D:\maven\maven-repository\org\springframework\boot\spring-boot-starter-test\2.7.17\spring-boot-starter-test-2.7.17.jar;D:\maven\maven-repository\org\springframework\boot\spring-boot-test\2.7.17\spring-boot-test-2.7.17.jar;D:\maven\maven-repository\org\springframework\boot\spring-boot-test-autoconfigure\2.7.17\spring-boot-test-autoconfigure-2.7.17.jar;D:\maven\maven-repository\com\jayway\jsonpath\json-path\2.7.0\json-path-2.7.0.jar;D:\maven\maven-repository\net\minidev\json-smart\2.4.11\json-smart-2.4.11.jar;D:\maven\maven-repository\net\minidev\accessors-smart\2.4.11\accessors-smart-2.4.11.jar;D:\maven\maven-repository\org\ow2\asm\asm\9.3\asm-9.3.jar;D:\maven\maven-repository\org\slf4j\slf4j-api\1.7.36\slf4j-api-1.7.36.jar;D:\maven\maven-repository\jakarta\xml\bind\jakarta.xml.bind-api\2.3.3\jakarta.xml.bind-api-2.3.3.jar;D:\maven\maven-repository\jakarta\activation\jakarta.activation-api\1.2.2\jakarta.activation-api-1.2.2.jar;D:\maven\maven-repository\org\assertj\assertj-core\3.22.0\assertj-core-3.22.0.jar;D:\maven\maven-repository\org\hamcrest\hamcrest\2.2\hamcrest-2.2.jar;D:\maven\maven-repository\org\junit\jupiter\junit-jupiter\5.8.2\junit-jupiter-5.8.2.jar;D:\maven\maven-repository\org\junit\jupiter\junit-jupiter-api\5.8.2\junit-jupiter-api-5.8.2.jar;D:\maven\maven-repository\org\opentest4j\opentest4j\1.2.0\opentest4j-1.2.0.jar;D:\maven\maven-repository\org\junit\platform\junit-platform-commons\1.8.2\junit-platform-commons-1.8.2.jar;D:\maven\maven-repository\org\apiguardian\apiguardian-api\1.1.2\apiguardian-api-1.1.2.jar;D:\maven\maven-repository\org\junit\jupiter\junit-jupiter-params\5.8.2\junit-jupiter-params-5.8.2.jar;D:\maven\maven-repository\org\junit\jupiter\junit-jupiter-engine\5.8.2\junit-jupiter-engine-5.8.2.jar;D:\maven\maven-repository\org\junit\platform\junit-platform-engine\1.8.2\junit-platform-engine-1.8.2.jar;D:\maven\maven-repository\org\mockito\mockito-core\4.5.1\mockito-core-4.5.1.jar;D:\maven\maven-repository\net\bytebuddy\byte-buddy\1.12.23\byte-buddy-1.12.23.jar;D:\maven\maven-repository\net\bytebuddy\byte-buddy-agent\1.12.23\byte-buddy-agent-1.12.23.jar;D:\maven\maven-repository\org\objenesis\objenesis\3.2\objenesis-3.2.jar;D:\maven\maven-repository\org\mockito\mockito-junit-jupiter\4.5.1\mockito-junit-jupiter-4.5.1.jar;D:\maven\maven-repository\org\skyscreamer\jsonassert\1.5.1\jsonassert-1.5.1.jar;D:\maven\maven-repository\com\vaadin\external\google\android-json\0.0.20131108.vaadin1\android-json-0.0.20131108.vaadin1.jar;D:\maven\maven-repository\org\springframework\spring-core\5.3.30\spring-core-5.3.30.jar;D:\maven\maven-repository\org\springframework\spring-jcl\5.3.30\spring-jcl-5.3.30.jar;D:\maven\maven-repository\org\springframework\spring-test\5.3.30\spring-test-5.3.30.jar;D:\maven\maven-repository\org\xmlunit\xmlunit-core\2.9.1\xmlunit-core-2.9.1.jar;D:\maven\maven-repository\org\mybatis\spring\boot\mybatis-spring-boot-starter-test\2.3.1\mybatis-spring-boot-starter-test-2.3.1.jar;D:\maven\maven-repository\org\mybatis\spring\boot\mybatis-spring-boot-test-autoconfigure\2.3.1\mybatis-spring-boot-test-autoconfigure-2.3.1.jar;D:\maven\maven-repository\org\springframework\spring-tx\5.3.30\spring-tx-5.3.30.jar;D:\maven\maven-repository\org\springframework\boot\spring-boot-starter-aop\2.7.17\spring-boot-starter-aop-2.7.17.jar;D:\maven\maven-repository\org\springframework\spring-aop\5.3.30\spring-aop-5.3.30.jar;D:\maven\maven-repository\org\aspectj\aspectjweaver\1.9.7\aspectjweaver-1.9.7.jar;D:\maven\maven-repository\com\alibaba\druid\1.2.20\druid-1.2.20.jar;D:\maven\maven-repository\com\github\pagehelper\pagehelper-spring-boot-starter\2.1.0\pagehelper-spring-boot-starter-2.1.0.jar;D:\maven\maven-repository\com\github\pagehelper\pagehelper-spring-boot-autoconfigure\2.1.0\pagehelper-spring-boot-autoconfigure-2.1.0.jar;D:\maven\maven-repository\com\github\pagehelper\pagehelper\6.1.0\pagehelper-6.1.0.jar;D:\maven\maven-repository\com\github\jsqlparser\jsqlparser\4.7\jsqlparser-4.7.jar;D:\maven\maven-repository\io\jsonwebtoken\jjwt\0.9.1\jjwt-0.9.1.jar;D:\maven\maven-repository\com\fasterxml\jackson\core\jackson-databind\2.13.5\jackson-databind-2.13.5.jar;D:\maven\maven-repository\com\fasterxml\jackson\core\jackson-annotations\2.13.5\jackson-annotations-2.13.5.jar;D:\maven\maven-repository\com\fasterxml\jackson\core\jackson-core\2.13.5\jackson-core-2.13.5.jar;D:\maven\maven-repository\com\alibaba\fastjson\2.0.47\fastjson-2.0.47.jar;D:\maven\maven-repository\com\alibaba\fastjson2\fastjson2-extension\2.0.47\fastjson2-extension-2.0.47.jar;D:\maven\maven-repository\com\alibaba\fastjson2\fastjson2\2.0.47\fastjson2-2.0.47.jar;"/>
    <property name="java.vm.vendor" value="Oracle Corporation"/>
    <property name="sun.arch.data.model" value="64"/>
    <property name="user.variant" value=""/>
    <property name="java.vendor.url" value="http://java.oracle.com/"/>
    <property name="user.timezone" value="Asia/Shanghai"/>
    <property name="java.vm.specification.version" value="1.8"/>
    <property name="os.name" value="Windows 10"/>
    <property name="user.country" value="CN"/>
    <property name="sun.java.launcher" value="SUN_STANDARD"/>
    <property name="sun.boot.library.path" value="D:\java\jre\bin"/>
    <property name="sun.java.command" value="C:\Users\ZHAOSH~1\AppData\Local\Temp\surefire2995122980491018787\surefirebooter8565852193874195397.jar C:\Users\Zhaoshichuan\AppData\Local\Temp\surefire2995122980491018787 2024-04-25T23-03-47_544-jvmRun1 surefire6865495493821472540tmp surefire_0607436097191500924tmp"/>
    <property name="surefire.test.class.path" value="C:\Users\Zhaoshichuan\Desktop\zhaoshichuan\target\test-classes;C:\Users\Zhaoshichuan\Desktop\zhaoshichuan\target\classes;D:\maven\maven-repository\org\springframework\boot\spring-boot-starter-web\2.7.17\spring-boot-starter-web-2.7.17.jar;D:\maven\maven-repository\org\springframework\boot\spring-boot-starter\2.7.17\spring-boot-starter-2.7.17.jar;D:\maven\maven-repository\org\springframework\boot\spring-boot\2.7.17\spring-boot-2.7.17.jar;D:\maven\maven-repository\org\springframework\boot\spring-boot-autoconfigure\2.7.17\spring-boot-autoconfigure-2.7.17.jar;D:\maven\maven-repository\org\springframework\boot\spring-boot-starter-logging\2.7.17\spring-boot-starter-logging-2.7.17.jar;D:\maven\maven-repository\ch\qos\logback\logback-classic\1.2.12\logback-classic-1.2.12.jar;D:\maven\maven-repository\ch\qos\logback\logback-core\1.2.12\logback-core-1.2.12.jar;D:\maven\maven-repository\org\apache\logging\log4j\log4j-to-slf4j\2.17.2\log4j-to-slf4j-2.17.2.jar;D:\maven\maven-repository\org\apache\logging\log4j\log4j-api\2.17.2\log4j-api-2.17.2.jar;D:\maven\maven-repository\org\slf4j\jul-to-slf4j\1.7.36\jul-to-slf4j-1.7.36.jar;D:\maven\maven-repository\jakarta\annotation\jakarta.annotation-api\1.3.5\jakarta.annotation-api-1.3.5.jar;D:\maven\maven-repository\org\yaml\snakeyaml\1.30\snakeyaml-1.30.jar;D:\maven\maven-repository\org\springframework\boot\spring-boot-starter-json\2.7.17\spring-boot-starter-json-2.7.17.jar;D:\maven\maven-repository\com\fasterxml\jackson\datatype\jackson-datatype-jdk8\2.13.5\jackson-datatype-jdk8-2.13.5.jar;D:\maven\maven-repository\com\fasterxml\jackson\datatype\jackson-datatype-jsr310\2.13.5\jackson-datatype-jsr310-2.13.5.jar;D:\maven\maven-repository\com\fasterxml\jackson\module\jackson-module-parameter-names\2.13.5\jackson-module-parameter-names-2.13.5.jar;D:\maven\maven-repository\org\springframework\boot\spring-boot-starter-tomcat\2.7.17\spring-boot-starter-tomcat-2.7.17.jar;D:\maven\maven-repository\org\apache\tomcat\embed\tomcat-embed-core\9.0.82\tomcat-embed-core-9.0.82.jar;D:\maven\maven-repository\org\apache\tomcat\embed\tomcat-embed-el\9.0.82\tomcat-embed-el-9.0.82.jar;D:\maven\maven-repository\org\apache\tomcat\embed\tomcat-embed-websocket\9.0.82\tomcat-embed-websocket-9.0.82.jar;D:\maven\maven-repository\org\springframework\spring-web\5.3.30\spring-web-5.3.30.jar;D:\maven\maven-repository\org\springframework\spring-beans\5.3.30\spring-beans-5.3.30.jar;D:\maven\maven-repository\org\springframework\spring-webmvc\5.3.30\spring-webmvc-5.3.30.jar;D:\maven\maven-repository\org\springframework\spring-context\5.3.30\spring-context-5.3.30.jar;D:\maven\maven-repository\org\springframework\spring-expression\5.3.30\spring-expression-5.3.30.jar;D:\maven\maven-repository\org\mybatis\spring\boot\mybatis-spring-boot-starter\2.3.1\mybatis-spring-boot-starter-2.3.1.jar;D:\maven\maven-repository\org\springframework\boot\spring-boot-starter-jdbc\2.7.17\spring-boot-starter-jdbc-2.7.17.jar;D:\maven\maven-repository\com\zaxxer\HikariCP\4.0.3\HikariCP-4.0.3.jar;D:\maven\maven-repository\org\springframework\spring-jdbc\5.3.30\spring-jdbc-5.3.30.jar;D:\maven\maven-repository\org\mybatis\spring\boot\mybatis-spring-boot-autoconfigure\2.3.1\mybatis-spring-boot-autoconfigure-2.3.1.jar;D:\maven\maven-repository\org\mybatis\mybatis\3.5.13\mybatis-3.5.13.jar;D:\maven\maven-repository\org\mybatis\mybatis-spring\2.1.1\mybatis-spring-2.1.1.jar;D:\maven\maven-repository\com\mysql\mysql-connector-j\8.0.33\mysql-connector-j-8.0.33.jar;D:\maven\maven-repository\org\projectlombok\lombok\1.18.30\lombok-1.18.30.jar;D:\maven\maven-repository\org\springframework\boot\spring-boot-starter-test\2.7.17\spring-boot-starter-test-2.7.17.jar;D:\maven\maven-repository\org\springframework\boot\spring-boot-test\2.7.17\spring-boot-test-2.7.17.jar;D:\maven\maven-repository\org\springframework\boot\spring-boot-test-autoconfigure\2.7.17\spring-boot-test-autoconfigure-2.7.17.jar;D:\maven\maven-repository\com\jayway\jsonpath\json-path\2.7.0\json-path-2.7.0.jar;D:\maven\maven-repository\net\minidev\json-smart\2.4.11\json-smart-2.4.11.jar;D:\maven\maven-repository\net\minidev\accessors-smart\2.4.11\accessors-smart-2.4.11.jar;D:\maven\maven-repository\org\ow2\asm\asm\9.3\asm-9.3.jar;D:\maven\maven-repository\org\slf4j\slf4j-api\1.7.36\slf4j-api-1.7.36.jar;D:\maven\maven-repository\jakarta\xml\bind\jakarta.xml.bind-api\2.3.3\jakarta.xml.bind-api-2.3.3.jar;D:\maven\maven-repository\jakarta\activation\jakarta.activation-api\1.2.2\jakarta.activation-api-1.2.2.jar;D:\maven\maven-repository\org\assertj\assertj-core\3.22.0\assertj-core-3.22.0.jar;D:\maven\maven-repository\org\hamcrest\hamcrest\2.2\hamcrest-2.2.jar;D:\maven\maven-repository\org\junit\jupiter\junit-jupiter\5.8.2\junit-jupiter-5.8.2.jar;D:\maven\maven-repository\org\junit\jupiter\junit-jupiter-api\5.8.2\junit-jupiter-api-5.8.2.jar;D:\maven\maven-repository\org\opentest4j\opentest4j\1.2.0\opentest4j-1.2.0.jar;D:\maven\maven-repository\org\junit\platform\junit-platform-commons\1.8.2\junit-platform-commons-1.8.2.jar;D:\maven\maven-repository\org\apiguardian\apiguardian-api\1.1.2\apiguardian-api-1.1.2.jar;D:\maven\maven-repository\org\junit\jupiter\junit-jupiter-params\5.8.2\junit-jupiter-params-5.8.2.jar;D:\maven\maven-repository\org\junit\jupiter\junit-jupiter-engine\5.8.2\junit-jupiter-engine-5.8.2.jar;D:\maven\maven-repository\org\junit\platform\junit-platform-engine\1.8.2\junit-platform-engine-1.8.2.jar;D:\maven\maven-repository\org\mockito\mockito-core\4.5.1\mockito-core-4.5.1.jar;D:\maven\maven-repository\net\bytebuddy\byte-buddy\1.12.23\byte-buddy-1.12.23.jar;D:\maven\maven-repository\net\bytebuddy\byte-buddy-agent\1.12.23\byte-buddy-agent-1.12.23.jar;D:\maven\maven-repository\org\objenesis\objenesis\3.2\objenesis-3.2.jar;D:\maven\maven-repository\org\mockito\mockito-junit-jupiter\4.5.1\mockito-junit-jupiter-4.5.1.jar;D:\maven\maven-repository\org\skyscreamer\jsonassert\1.5.1\jsonassert-1.5.1.jar;D:\maven\maven-repository\com\vaadin\external\google\android-json\0.0.20131108.vaadin1\android-json-0.0.20131108.vaadin1.jar;D:\maven\maven-repository\org\springframework\spring-core\5.3.30\spring-core-5.3.30.jar;D:\maven\maven-repository\org\springframework\spring-jcl\5.3.30\spring-jcl-5.3.30.jar;D:\maven\maven-repository\org\springframework\spring-test\5.3.30\spring-test-5.3.30.jar;D:\maven\maven-repository\org\xmlunit\xmlunit-core\2.9.1\xmlunit-core-2.9.1.jar;D:\maven\maven-repository\org\mybatis\spring\boot\mybatis-spring-boot-starter-test\2.3.1\mybatis-spring-boot-starter-test-2.3.1.jar;D:\maven\maven-repository\org\mybatis\spring\boot\mybatis-spring-boot-test-autoconfigure\2.3.1\mybatis-spring-boot-test-autoconfigure-2.3.1.jar;D:\maven\maven-repository\org\springframework\spring-tx\5.3.30\spring-tx-5.3.30.jar;D:\maven\maven-repository\org\springframework\boot\spring-boot-starter-aop\2.7.17\spring-boot-starter-aop-2.7.17.jar;D:\maven\maven-repository\org\springframework\spring-aop\5.3.30\spring-aop-5.3.30.jar;D:\maven\maven-repository\org\aspectj\aspectjweaver\1.9.7\aspectjweaver-1.9.7.jar;D:\maven\maven-repository\com\alibaba\druid\1.2.20\druid-1.2.20.jar;D:\maven\maven-repository\com\github\pagehelper\pagehelper-spring-boot-starter\2.1.0\pagehelper-spring-boot-starter-2.1.0.jar;D:\maven\maven-repository\com\github\pagehelper\pagehelper-spring-boot-autoconfigure\2.1.0\pagehelper-spring-boot-autoconfigure-2.1.0.jar;D:\maven\maven-repository\com\github\pagehelper\pagehelper\6.1.0\pagehelper-6.1.0.jar;D:\maven\maven-repository\com\github\jsqlparser\jsqlparser\4.7\jsqlparser-4.7.jar;D:\maven\maven-repository\io\jsonwebtoken\jjwt\0.9.1\jjwt-0.9.1.jar;D:\maven\maven-repository\com\fasterxml\jackson\core\jackson-databind\2.13.5\jackson-databind-2.13.5.jar;D:\maven\maven-repository\com\fasterxml\jackson\core\jackson-annotations\2.13.5\jackson-annotations-2.13.5.jar;D:\maven\maven-repository\com\fasterxml\jackson\core\jackson-core\2.13.5\jackson-core-2.13.5.jar;D:\maven\maven-repository\com\alibaba\fastjson\2.0.47\fastjson-2.0.47.jar;D:\maven\maven-repository\com\alibaba\fastjson2\fastjson2-extension\2.0.47\fastjson2-extension-2.0.47.jar;D:\maven\maven-repository\com\alibaba\fastjson2\fastjson2\2.0.47\fastjson2-2.0.47.jar;"/>
    <property name="sun.cpu.endian" value="little"/>
    <property name="user.home" value="C:\Users\Zhaoshichuan"/>
    <property name="user.language" value="zh"/>
    <property name="java.specification.vendor" value="Oracle Corporation"/>
    <property name="java.home" value="D:\java\jre"/>
    <property name="basedir" value="C:\Users\Zhaoshichuan\Desktop\zhaoshichuan"/>
    <property name="file.separator" value="\"/>
    <property name="line.separator" value="&#10;"/>
    <property name="java.vm.specification.vendor" value="Oracle Corporation"/>
    <property name="java.specification.name" value="Java Platform API Specification"/>
    <property name="java.awt.graphicsenv" value="sun.awt.Win32GraphicsEnvironment"/>
    <property name="surefire.real.class.path" value="C:\Users\ZHAOSH~1\AppData\Local\Temp\surefire2995122980491018787\surefirebooter8565852193874195397.jar"/>
    <property name="sun.boot.class.path" value="D:\java\jre\lib\resources.jar;D:\java\jre\lib\rt.jar;D:\java\jre\lib\jsse.jar;D:\java\jre\lib\jce.jar;D:\java\jre\lib\charsets.jar;D:\java\jre\lib\jfr.jar;D:\java\jre\classes"/>
    <property name="user.script" value=""/>
    <property name="sun.management.compiler" value="HotSpot 64-Bit Tiered Compilers"/>
    <property name="java.runtime.version" value="1.8.0_381-b09"/>
    <property name="user.name" value="Zhaoshichuan"/>
    <property name="path.separator" value=";"/>
    <property name="os.version" value="10.0"/>
    <property name="java.endorsed.dirs" value="D:\java\jre\lib\endorsed"/>
    <property name="java.runtime.name" value="Java(TM) SE Runtime Environment"/>
    <property name="file.encoding" value="GBK"/>
    <property name="java.vm.name" value="Java HotSpot(TM) 64-Bit Server VM"/>
    <property name="localRepository" value="D:\maven\maven-repository"/>
    <property name="java.vendor.url.bug" value="http://bugreport.sun.com/bugreport/"/>
    <property name="java.io.tmpdir" value="C:\Users\ZHAOSH~1\AppData\Local\Temp\"/>
    <property name="idea.version" value="2023.2.2"/>
    <property name="java.version" value="1.8.0_381"/>
    <property name="user.dir" value="C:\Users\Zhaoshichuan\Desktop\zhaoshichuan"/>
    <property name="os.arch" value="amd64"/>
    <property name="java.vm.specification.name" value="Java Virtual Machine Specification"/>
    <property name="java.awt.printerjob" value="sun.awt.windows.WPrinterJob"/>
    <property name="sun.os.patch.level" value=""/>
    <property name="java.library.path" value="D:\java\jre\bin;C:\WINDOWS\Sun\Java\bin;C:\WINDOWS\system32;C:\WINDOWS;C:\Program Files (x86)\Common Files\Oracle\Java\javapath;C:\WINDOWS\system32;C:\WINDOWS;C:\WINDOWS\System32\Wbem;C:\WINDOWS\System32\WindowsPowerShell\v1.0\;C:\WINDOWS\System32\OpenSSH\;D:\java\bin;C:\Program Files\Git\cmd;C:\Program Files\Git\bin;D:\maven\apache-maven-3.9.4\bin;D:\mysql\mysql-8.2.0-winx64\bin;C:\Users\Zhaoshichuan\AppData\Local\Microsoft\WindowsApps;D:\IDEA\IntelliJ IDEA Community Edition 2023.2.2\bin;;C:\Program Files\Git\bin;D:\压缩\;;."/>
    <property name="java.vm.info" value="mixed mode"/>
    <property name="java.vendor" value="Oracle Corporation"/>
    <property name="java.vm.version" value="25.381-b09"/>
    <property name="java.specification.maintenance.version" value="5"/>
    <property name="java.ext.dirs" value="D:\java\jre\lib\ext;C:\WINDOWS\Sun\Java\lib\ext"/>
    <property name="sun.io.unicode.encoding" value="UnicodeLittle"/>
    <property name="maven.repo.local" value="D:\maven\maven-repository"/>
    <property name="java.class.version" value="52.0"/>
  </properties>
  <testcase name="testGenToken" classname="com.example.zhaoshichuan.ZhaoshichuanApplicationTests" time="0.79"/>
  <testcase name="testUpdateXml" classname="com.example.zhaoshichuan.ZhaoshichuanApplicationTests" time="0.448"/>
  <testcase name="testquery" classname="com.example.zhaoshichuan.ZhaoshichuanApplicationTests" time="0.033"/>
  <testcase name="testList" classname="com.example.zhaoshichuan.ZhaoshichuanApplicationTests" time="0.013"/>
  <testcase name="testUDeleteXml" classname="com.example.zhaoshichuan.ZhaoshichuanApplicationTests" time="0.006"/>
  <testcase name="testListXml" classname="com.example.zhaoshichuan.ZhaoshichuanApplicationTests" time="0.008"/>
  <testcase name="testDelete" classname="com.example.zhaoshichuan.ZhaoshichuanApplicationTests" time="0.005"/>
  <testcase name="testUpdate" classname="com.example.zhaoshichuan.ZhaoshichuanApplicationTests" time="0.011"/>
  <testcase name="testSelectById" classname="com.example.zhaoshichuan.ZhaoshichuanApplicationTests" time="0.006"/>
</testsuite>